Unity Editor version:    2021.3.12f1 (8af3c3e441b1)
Branch:                  2021.3/release
Build type:              Release
Batch mode:              YES
System name:             Linux
Distro version:          #64-Ubuntu SMP Thu Jan 5 11:43:13 UTC 2023
Kernel version:          5.15.0-58-generic
Architecture:            x86_64
Available memory:        31335 MB
Using pre-set license
Pro License: YES

(Unity:148329): Gdk-CRITICAL **: 15:58:46.128: gdk_window_get_cursor: assertion 'GDK_IS_WINDOW (window)' failed
Desktop is 5760 x 1080 @ 60 Hz
Initialize udev device monitor.

COMMAND LINE ARGUMENTS:
Unity
-adb2
-batchMode
-noUpm
-name
AssetImportWorker0
-projectPath
/home/giladn/UnityProjects/HailoPose
-logFile
Logs/AssetImportWorker0.log
-srvPort
39395
Successfully changed project path to: /home/giladn/UnityProjects/HailoPose
/home/giladn/UnityProjects/HailoPose
[UnityMemory] Configuration Parameters - Can be set up in boot.config
    "memorysetup-bucket-allocator-granularity=16"
    "memorysetup-bucket-allocator-bucket-count=8"
    "memorysetup-bucket-allocator-block-size=33554432"
    "memorysetup-bucket-allocator-block-count=8"
    "memorysetup-main-allocator-block-size=16777216"
    "memorysetup-thread-allocator-block-size=16777216"
    "memorysetup-gfx-main-allocator-block-size=16777216"
    "memorysetup-gfx-thread-allocator-block-size=16777216"
    "memorysetup-cache-allocator-block-size=4194304"
    "memorysetup-typetree-allocator-block-size=2097152"
    "memorysetup-profiler-bucket-allocator-granularity=16"
    "memorysetup-profiler-bucket-allocator-bucket-count=8"
    "memorysetup-profiler-bucket-allocator-block-size=33554432"
    "memorysetup-profiler-bucket-allocator-block-count=8"
    "memorysetup-profiler-allocator-block-size=16777216"
    "memorysetup-profiler-editor-allocator-block-size=1048576"
    "memorysetup-temp-allocator-size-main=16777216"
    "memorysetup-job-temp-allocator-block-size=2097152"
    "memorysetup-job-temp-allocator-block-size-background=1048576"
    "memorysetup-job-temp-allocator-reduction-small-platforms=262144"
    "memorysetup-temp-allocator-size-background-worker=32768"
    "memorysetup-temp-allocator-size-job-worker=262144"
    "memorysetup-temp-allocator-size-preload-manager=33554432"
    "memorysetup-temp-allocator-size-nav-mesh-worker=65536"
    "memorysetup-temp-allocator-size-audio-worker=65536"
    "memorysetup-temp-allocator-size-cloud-worker=32768"
    "memorysetup-temp-allocator-size-gi-baking-worker=262144"
    "memorysetup-temp-allocator-size-gfx=262144"
Refreshing native plugins compatible for Editor in 42.18 ms, found 0 plugins.
Preloading 0 native plugins for Editor in 0.00 ms.
Initialize engine version: 2021.3.12f1 (8af3c3e441b1)
[Subsystems] Discovering subsystems at path /home/giladn/Unity/Hub/Editor/2021.3.12f1/Editor/Data/Resources/UnitySubsystems
[Subsystems] Discovering subsystems at path /home/giladn/UnityProjects/HailoPose/Assets
GLX Extensions: GLX_ARB_create_context GLX_ARB_create_context_no_error GLX_ARB_create_context_profile GLX_ARB_create_context_robustness GLX_ARB_fbconfig_float GLX_ARB_framebuffer_sRGB GLX_ARB_get_proc_address GLX_ARB_multisample GLX_EXT_buffer_age GLX_EXT_create_context_es2_profile GLX_EXT_create_context_es_profile GLX_EXT_fbconfig_packed_float GLX_EXT_framebuffer_sRGB GLX_EXT_no_config_context GLX_EXT_swap_control GLX_EXT_swap_control_tear GLX_EXT_texture_from_pixmap GLX_EXT_visual_info GLX_EXT_visual_rating GLX_INTEL_swap_event GLX_MESA_copy_sub_buffer GLX_MESA_query_renderer GLX_MESA_swap_control GLX_OML_swap_method GLX_OML_sync_control GLX_SGIS_multisample GLX_SGIX_fbconfig GLX_SGIX_pbuffer GLX_SGIX_visual_select_group GLX_SGI_make_current_read GLX_SGI_swap_control GLX_SGI_video_sync 
Renderer: Mesa Intel(R) Graphics (ADL GT2)
Vendor:   Intel
Version:  4.6 (Core Profile) Mesa 22.0.5
GLES:     0
 GL_3DFX_texture_compression_FXT1 GL_AMD_conservative_depth GL_AMD_depth_clamp_separate GL_AMD_draw_buffers_blend GL_AMD_gpu_shader_int64 GL_AMD_multi_draw_indirect GL_AMD_performance_monitor GL_AMD_pinned_memory GL_AMD_query_buffer_object GL_AMD_seamless_cubemap_per_texture GL_AMD_shader_stencil_export GL_AMD_shader_trinary_minmax GL_AMD_texture_texture4 GL_AMD_vertex_shader_layer GL_AMD_vertex_shader_viewport_index GL_ANGLE_texture_compression_dxt3 GL_ANGLE_texture_compression_dxt5 GL_ARB_ES2_compatibility GL_ARB_ES3_1_compatibility GL_ARB_ES3_2_compatibility GL_ARB_ES3_compatibility GL_ARB_arrays_of_arrays GL_ARB_base_instance GL_ARB_blend_func_extended GL_ARB_buffer_storage GL_ARB_clear_buffer_object GL_ARB_clear_texture GL_ARB_clip_control GL_ARB_compressed_texture_pixel_storage GL_ARB_compute_shader GL_ARB_compute_variable_group_size GL_ARB_conditional_render_inverted GL_ARB_conservative_depth GL_ARB_copy_buffer GL_ARB_copy_image GL_ARB_cull_distance GL_ARB_debug_output GL_ARB_depth_buffer_float GL_ARB
_depth_clamp GL_ARB_derivative_control GL_ARB_direct_state_access GL_ARB_draw_buffers GL_ARB_draw_buffers_blend GL_ARB_draw_elements_base_vertex GL_ARB_draw_indirect GL_ARB_draw_instanced GL_ARB_enhanced_layouts GL_ARB_explicit_attrib_location GL_ARB_explicit_uniform_location GL_ARB_fragment_coord_conventions GL_ARB_fragment_layer_viewport GL_ARB_fragment_shader GL_ARB_fragment_shader_interlock GL_ARB_framebuffer_no_attachments GL_ARB_framebuffer_object GL_ARB_framebuffer_sRGB GL_ARB_get_program_binary GL_ARB_get_texture_sub_image GL_ARB_gl_spirv GL_ARB_gpu_shader5 GL_ARB_gpu_shader_fp64 GL_ARB_gpu_shader_int64 GL_ARB_half_float_pixel GL_ARB_half_float_vertex GL_ARB_indirect_parameters GL_ARB_instanced_arrays GL_ARB_internalformat_query GL_ARB_internalformat_query2 GL_ARB_invalidate_subdata GL_ARB_map_buffer_alignment GL_ARB_map_buffer_range GL_ARB_multi_bind GL_ARB_multi_draw_indirect GL_ARB_occlusion_query2 GL_ARB_parallel_shader_compile GL_ARB_pipeline_statistics_query GL_ARB_pixel_buffer_object GL_ARB_po
int_sprite GL_ARB_polygon_offset_clamp GL_ARB_post_depth_coverage GL_ARB_program_interface_query GL_ARB_provoking_vertex GL_ARB_query_buffer_object GL_ARB_robust_buffer_access_behavior GL_ARB_robustness GL_ARB_sample_shading GL_ARB_sampler_objects GL_ARB_seamless_cube_map GL_ARB_seamless_cubemap_per_texture GL_ARB_separate_shader_objects GL_ARB_shader_atomic_counter_ops GL_ARB_shader_atomic_counters GL_ARB_shader_ballot GL_ARB_shader_bit_encoding GL_ARB_shader_clock GL_ARB_shader_draw_parameters GL_ARB_shader_group_vote GL_ARB_shader_image_load_store GL_ARB_shader_image_size GL_ARB_shader_objects GL_ARB_shader_precision GL_ARB_shader_stencil_export GL_ARB_shader_storage_buffer_object GL_ARB_shader_subroutine GL_ARB_shader_texture_image_samples GL_ARB_shader_texture_lod GL_ARB_shader_viewport_layer_array GL_ARB_shading_language_420pack GL_ARB_shading_language_include GL_ARB_shading_language_packing GL_ARB_spirv_extensions GL_ARB_stencil_texturing GL_ARB_sync GL_ARB_tessellation_shader GL_ARB_texture_barrier G
L_ARB_texture_buffer_object GL_ARB_texture_buffer_object_rgb32 GL_ARB_texture_buffer_range GL_ARB_texture_compression_bptc GL_ARB_texture_compression_rgtc GL_ARB_texture_cube_map_array GL_ARB_texture_filter_anisotropic GL_ARB_texture_float GL_ARB_texture_gather GL_ARB_texture_mirror_clamp_to_edge GL_ARB_texture_multisample GL_ARB_texture_non_power_of_two GL_ARB_texture_query_levels GL_ARB_texture_query_lod GL_ARB_texture_rectangle GL_ARB_texture_rg GL_ARB_texture_rgb10_a2ui GL_ARB_texture_stencil8 GL_ARB_texture_storage GL_ARB_texture_storage_multisample GL_ARB_texture_swizzle GL_ARB_texture_view GL_ARB_timer_query GL_ARB_transform_feedback2 GL_ARB_transform_feedback3 GL_ARB_transform_feedback_instanced GL_ARB_transform_feedback_overflow_query GL_ARB_uniform_buffer_object GL_ARB_vertex_array_bgra GL_ARB_vertex_array_object GL_ARB_vertex_attrib_64bit GL_ARB_vertex_attrib_binding GL_ARB_vertex_buffer_object GL_ARB_vertex_shader GL_ARB_vertex_type_10f_11f_11f_rev GL_ARB_vertex_type_2_10_10_10_rev GL_ARB_viewpor
t_array GL_ATI_blend_equation_separate GL_ATI_texture_float GL_EXT_EGL_image_storage GL_EXT_EGL_sync GL_EXT_abgr GL_EXT_blend_equation_separate GL_EXT_demote_to_helper_invocation GL_EXT_depth_bounds_test GL_EXT_draw_buffers2 GL_EXT_draw_instanced GL_EXT_framebuffer_blit GL_EXT_framebuffer_multisample GL_EXT_framebuffer_multisample_blit_scaled GL_EXT_framebuffer_object GL_EXT_framebuffer_sRGB GL_EXT_memory_object GL_EXT_memory_object_fd GL_EXT_packed_depth_stencil GL_EXT_packed_float GL_EXT_pixel_buffer_object GL_EXT_polygon_offset_clamp GL_EXT_provoking_vertex GL_EXT_semaphore GL_EXT_semaphore_fd GL_EXT_shader_framebuffer_fetch GL_EXT_shader_framebuffer_fetch_non_coherent GL_EXT_shader_integer_mix GL_EXT_shader_samples_identical GL_EXT_texture_array GL_EXT_texture_compression_dxt1 GL_EXT_texture_compression_rgtc GL_EXT_texture_compression_s3tc GL_EXT_texture_filter_anisotropic GL_EXT_texture_integer GL_EXT_texture_sRGB GL_EXT_texture_sRGB_R8 GL_EXT_texture_sRGB_decode GL_EXT_texture_shadow_lod GL_EXT_texture
_shared_exponent GL_EXT_texture_snorm GL_EXT_texture_swizzle GL_EXT_timer_query GL_EXT_transform_feedback GL_EXT_vertex_array_bgra GL_EXT_vertex_attrib_64bit GL_IBM_multimode_draw_arrays GL_INTEL_blackhole_render GL_INTEL_conservative_rasterization GL_INTEL_performance_query GL_INTEL_shader_atomic_float_minmax GL_INTEL_shader_integer_functions2 GL_KHR_blend_equation_advanced GL_KHR_blend_equation_advanced_coherent GL_KHR_context_flush_control GL_KHR_debug GL_KHR_no_error GL_KHR_parallel_shader_compile GL_KHR_robust_buffer_access_behavior GL_KHR_robustness GL_KHR_texture_compression_astc_ldr GL_KHR_texture_compression_astc_sliced_3d GL_MESA_framebuffer_flip_y GL_MESA_pack_invert GL_MESA_shader_integer_functions GL_MESA_texture_signed_rgba GL_NV_compute_shader_derivatives GL_NV_conditional_render GL_NV_copy_image GL_NV_depth_clamp GL_NV_fragment_shader_interlock GL_NV_packed_depth_stencil GL_NV_texture_barrier GL_OES_EGL_image GL_S3_s3tc
OPENGL LOG: Creating OpenGL 4.6 graphics device ; Context level  <OpenGL 4.5> ; Context handle 37494592
../src/intel/isl/isl.c:2220: FINISHME: ../src/intel/isl/isl.c:isl_surf_supports_ccs: CCS for 3D textures is disabled, but a workaround is available.
Initialize mono
Mono path[0] = '/home/giladn/Unity/Hub/Editor/2021.3.12f1/Editor/Data/Managed'
Mono path[1] = '/home/giladn/Unity/Hub/Editor/2021.3.12f1/Editor/Data/MonoBleedingEdge/lib/mono/unityjit-linux'
Mono config path = '/home/giladn/Unity/Hub/Editor/2021.3.12f1/Editor/Data/MonoBleedingEdge/etc'
Using monoOptions --debugger-agent=transport=dt_socket,embedding=1,server=y,suspend=n,address=127.0.0.1:56329
Begin MonoManager ReloadAssembly
Registering precompiled unity dll's ...
Register platform support module: /home/giladn/Unity/Hub/Editor/2021.3.12f1/Editor/Data/PlaybackEngines/WebGLSupport/UnityEditor.WebGL.Extensions.dll
Register platform support module: /home/giladn/Unity/Hub/Editor/2021.3.12f1/Editor/Data/PlaybackEngines/LinuxStandaloneSupport/UnityEditor.LinuxStandalone.Extensions.dll
Registered in 0.006013 seconds.
Native extension for LinuxStandalone target not found
Native extension for WebGL target not found
Refreshing native plugins compatible for Editor in 42.20 ms, found 0 plugins.
Preloading 0 native plugins for Editor in 0.00 ms.
Mono: successfully reloaded assembly
- Completed reload, in  0.733 seconds
Domain Reload Profiling:
	ReloadAssembly (733ms)
		BeginReloadAssembly (61ms)
			ExecutionOrderSort (0ms)
			DisableScriptedObjects (0ms)
			BackupInstance (0ms)
			ReleaseScriptingObjects (0ms)
			CreateAndSetChildDomain (1ms)
		EndReloadAssembly (533ms)
			LoadAssemblies (59ms)
			RebuildTransferFunctionScriptingTraits (0ms)
			SetupTypeCache (136ms)
			ReleaseScriptCaches (0ms)
			RebuildScriptCaches (60ms)
			SetupLoadedEditorAssemblies (273ms)
				LogAssemblyErrors (0ms)
				InitializePlatformSupportModulesInManaged (11ms)
				SetLoadedEditorAssemblies (0ms)
				RefreshPlugins (42ms)
				BeforeProcessingInitializeOnLoad (2ms)
				ProcessInitializeOnLoadAttributes (165ms)
				ProcessInitializeOnLoadMethodAttributes (53ms)
				AfterProcessingInitializeOnLoad (0ms)
				EditorAssembliesLoaded (0ms)
			ExecutionOrderSort2 (0ms)
			AwakeInstancesAfterBackupRestoration (0ms)
Platform modules already initialized, skipping
Registering precompiled user dll's ...
Registered in 0.004551 seconds.
Begin MonoManager ReloadAssembly
Native extension for LinuxStandalone target not found
Native extension for WebGL target not found
Refreshing native plugins compatible for Editor in 0.54 ms, found 0 plugins.
Preloading 0 native plugins for Editor in 0.00 ms.
DisplayProgressbar: Restoring NuGet Packages
Mono: successfully reloaded assembly
- Completed reload, in  1.250 seconds
Domain Reload Profiling:
	ReloadAssembly (1251ms)
		BeginReloadAssembly (109ms)
			ExecutionOrderSort (0ms)
			DisableScriptedObjects (7ms)
			BackupInstance (0ms)
			ReleaseScriptingObjects (0ms)
			CreateAndSetChildDomain (24ms)
		EndReloadAssembly (1002ms)
			LoadAssemblies (61ms)
			RebuildTransferFunctionScriptingTraits (0ms)
			SetupTypeCache (231ms)
			ReleaseScriptCaches (0ms)
			RebuildScriptCaches (55ms)
			SetupLoadedEditorAssemblies (589ms)
				LogAssemblyErrors (0ms)
				InitializePlatformSupportModulesInManaged (17ms)
				SetLoadedEditorAssemblies (1ms)
				RefreshPlugins (1ms)
				BeforeProcessingInitializeOnLoad (67ms)
				ProcessInitializeOnLoadAttributes (463ms)
				ProcessInitializeOnLoadMethodAttributes (34ms)
				AfterProcessingInitializeOnLoad (6ms)
				EditorAssembliesLoaded (0ms)
			ExecutionOrderSort2 (0ms)
			AwakeInstancesAfterBackupRestoration (5ms)
Platform modules already initialized, skipping
========================================================================
Worker process is ready to serve import requests
Launched and connected shader compiler UnityShaderCompiler after 0.01 seconds
Refreshing native plugins compatible for Editor in 0.50 ms, found 0 plugins.
Preloading 0 native plugins for Editor in 0.00 ms.
Unloading 2139 Unused Serialized files (Serialized files now loaded: 0)
Unloading 34 unused Assets / (38.1 KB). Loaded Objects now: 2603.
Memory consumption went from 104.5 MB to 104.5 MB.
Total: 4.908116 ms (FindLiveObjects: 0.295829 ms CreateObjectMapping: 0.083326 ms MarkObjects: 4.340191 ms  DeleteObjects: 0.186989 ms)

AssetImportParameters requested are different than current active one (requested -> active):
  custom:video-decoder-ogg-theora: a1e56fd34408186e4bbccfd4996cb3dc -> 
  custom:container-muxer-webm: aa71ff27fc2769a1b78a27578f13a17b -> 
  custom:container-demuxer-webm: 4f35f7cbe854078d1ac9338744f61a02 -> 
  custom:video-encoder-webm-vp8: eb34c28f22e8b96e1ab97ce403110664 -> 
  custom:audio-encoder-webm-vorbis: bf7c407c2cedff20999df2af8eb42d56 -> 
  custom:container-demuxer-ogg: 62fdf1f143b41e24485cea50d1cbac27 -> 
  custom:video-decoder-webm-vp8: 9c59270c3fd7afecdb556c50c9e8de78 -> 
  custom:audio-decoder-ogg-vorbis: bf7c407c2cedff20999df2af8eb42d56 -> 
========================================================================
Received Import Request.
  Time since last request: 13635.229113 seconds.
  path: Assets/prefabs/NinjaRigged.prefab
  artifactKey: Guid(073442ca8b8543b1f9fb56e508f98c20) Importer(815301076,1909f56bfc062723c751e8b465ee728b)
Start importing Assets/prefabs/NinjaRigged.prefab using Guid(073442ca8b8543b1f9fb56e508f98c20) Importer(815301076,1909f56bfc062723c751e8b465ee728b)  -> (artifact id: 'b91cfc1a6d05f2484a4c70f704d6042c') in 0.157918 seconds 
========================================================================
Received Prepare
Registering precompiled user dll's ...
Registered in 0.004366 seconds.
Begin MonoManager ReloadAssembly
Native extension for LinuxStandalone target not found
Native extension for WebGL target not found
Refreshing native plugins compatible for Editor in 0.59 ms, found 0 plugins.
Preloading 0 native plugins for Editor in 0.00 ms.
Mono: successfully reloaded assembly
- Completed reload, in  1.109 seconds
Domain Reload Profiling:
	ReloadAssembly (1110ms)
		BeginReloadAssembly (142ms)
			ExecutionOrderSort (0ms)
			DisableScriptedObjects (6ms)
			BackupInstance (0ms)
			ReleaseScriptingObjects (0ms)
			CreateAndSetChildDomain (61ms)
		EndReloadAssembly (847ms)
			LoadAssemblies (61ms)
			RebuildTransferFunctionScriptingTraits (0ms)
			SetupTypeCache (253ms)
			ReleaseScriptCaches (1ms)
			RebuildScriptCaches (53ms)
			SetupLoadedEditorAssemblies (405ms)
				LogAssemblyErrors (0ms)
				InitializePlatformSupportModulesInManaged (22ms)
				SetLoadedEditorAssemblies (1ms)
				RefreshPlugins (1ms)
				BeforeProcessingInitializeOnLoad (58ms)
				ProcessInitializeOnLoadAttributes (282ms)
				ProcessInitializeOnLoadMethodAttributes (35ms)
				AfterProcessingInitializeOnLoad (6ms)
				EditorAssembliesLoaded (0ms)
			ExecutionOrderSort2 (0ms)
			AwakeInstancesAfterBackupRestoration (6ms)
Platform modules already initialized, skipping
Refreshing native plugins compatible for Editor in 1.67 ms, found 0 plugins.
Preloading 0 native plugins for Editor in 0.00 ms.
Unloading 2131 Unused Serialized files (Serialized files now loaded: 0)
Unloading 27 unused Assets / (22.0 KB). Loaded Objects now: 2615.
Memory consumption went from 105.8 MB to 105.7 MB.
Total: 5.999744 ms (FindLiveObjects: 0.259109 ms CreateObjectMapping: 0.128544 ms MarkObjects: 5.569933 ms  DeleteObjects: 0.039784 ms)

AssetImportParameters requested are different than current active one (requested -> active):
  custom:video-decoder-ogg-theora: a1e56fd34408186e4bbccfd4996cb3dc -> 
  custom:container-muxer-webm: aa71ff27fc2769a1b78a27578f13a17b -> 
  custom:container-demuxer-webm: 4f35f7cbe854078d1ac9338744f61a02 -> 
  custom:video-encoder-webm-vp8: eb34c28f22e8b96e1ab97ce403110664 -> 
  custom:audio-encoder-webm-vorbis: bf7c407c2cedff20999df2af8eb42d56 -> 
  custom:container-demuxer-ogg: 62fdf1f143b41e24485cea50d1cbac27 -> 
  custom:video-decoder-webm-vp8: 9c59270c3fd7afecdb556c50c9e8de78 -> 
  custom:audio-decoder-ogg-vorbis: bf7c407c2cedff20999df2af8eb42d56 -> 
========================================================================
Received Import Request.
  Time since last request: 89.841280 seconds.
  path: Assets/prefabs/NinjaRigged.prefab
  artifactKey: Guid(073442ca8b8543b1f9fb56e508f98c20) Importer(815301076,1909f56bfc062723c751e8b465ee728b)
Start importing Assets/prefabs/NinjaRigged.prefab using Guid(073442ca8b8543b1f9fb56e508f98c20) Importer(815301076,1909f56bfc062723c751e8b465ee728b)  -> (artifact id: '32fca70239ab8985c872a0bb2ca86cb2') in 0.118973 seconds 
========================================================================
Received Prepare
Registering precompiled user dll's ...
Registered in 0.004497 seconds.
Begin MonoManager ReloadAssembly
Native extension for LinuxStandalone target not found
Native extension for WebGL target not found
Refreshing native plugins compatible for Editor in 0.69 ms, found 0 plugins.
Preloading 0 native plugins for Editor in 0.00 ms.
Mono: successfully reloaded assembly
- Completed reload, in  1.082 seconds
Domain Reload Profiling:
	ReloadAssembly (1083ms)
		BeginReloadAssembly (117ms)
			ExecutionOrderSort (0ms)
			DisableScriptedObjects (6ms)
			BackupInstance (0ms)
			ReleaseScriptingObjects (0ms)
			CreateAndSetChildDomain (39ms)
		EndReloadAssembly (845ms)
			LoadAssemblies (53ms)
			RebuildTransferFunctionScriptingTraits (0ms)
			SetupTypeCache (231ms)
			ReleaseScriptCaches (1ms)
			RebuildScriptCaches (53ms)
			SetupLoadedEditorAssemblies (419ms)
				LogAssemblyErrors (0ms)
				InitializePlatformSupportModulesInManaged (27ms)
				SetLoadedEditorAssemblies (1ms)
				RefreshPlugins (1ms)
				BeforeProcessingInitializeOnLoad (62ms)
				ProcessInitializeOnLoadAttributes (282ms)
				ProcessInitializeOnLoadMethodAttributes (39ms)
				AfterProcessingInitializeOnLoad (6ms)
				EditorAssembliesLoaded (0ms)
			ExecutionOrderSort2 (0ms)
			AwakeInstancesAfterBackupRestoration (7ms)
Platform modules already initialized, skipping
Refreshing native plugins compatible for Editor in 1.60 ms, found 0 plugins.
Preloading 0 native plugins for Editor in 0.00 ms.
Unloading 2131 Unused Serialized files (Serialized files now loaded: 0)
Unloading 27 unused Assets / (22.0 KB). Loaded Objects now: 2619.
Memory consumption went from 105.8 MB to 105.8 MB.
Total: 4.782915 ms (FindLiveObjects: 0.335745 ms CreateObjectMapping: 0.149498 ms MarkObjects: 4.264969 ms  DeleteObjects: 0.031029 ms)

AssetImportParameters requested are different than current active one (requested -> active):
  custom:video-decoder-ogg-theora: a1e56fd34408186e4bbccfd4996cb3dc -> 
  custom:container-muxer-webm: aa71ff27fc2769a1b78a27578f13a17b -> 
  custom:container-demuxer-webm: 4f35f7cbe854078d1ac9338744f61a02 -> 
  custom:video-encoder-webm-vp8: eb34c28f22e8b96e1ab97ce403110664 -> 
  custom:audio-encoder-webm-vorbis: bf7c407c2cedff20999df2af8eb42d56 -> 
  custom:container-demuxer-ogg: 62fdf1f143b41e24485cea50d1cbac27 -> 
  custom:video-decoder-webm-vp8: 9c59270c3fd7afecdb556c50c9e8de78 -> 
  custom:audio-decoder-ogg-vorbis: bf7c407c2cedff20999df2af8eb42d56 -> 
========================================================================
Received Import Request.
  Time since last request: 511.225972 seconds.
  path: Assets/prefabs/ybotAvatar 1.asset
  artifactKey: Guid(c369b17bbeca92b7a81dbbe293652dea) Importer(815301076,1909f56bfc062723c751e8b465ee728b)
Start importing Assets/prefabs/ybotAvatar 1.asset using Guid(c369b17bbeca92b7a81dbbe293652dea) Importer(815301076,1909f56bfc062723c751e8b465ee728b)  -> (artifact id: 'd26b9785d59d98a8e0d4d597424c0709') in 0.017687 seconds 
========================================================================
Received Import Request.
  Time since last request: 0.014505 seconds.
  path: Assets/prefabs/NinjaRigged.prefab
  artifactKey: Guid(073442ca8b8543b1f9fb56e508f98c20) Importer(815301076,1909f56bfc062723c751e8b465ee728b)
Start importing Assets/prefabs/NinjaRigged.prefab using Guid(073442ca8b8543b1f9fb56e508f98c20) Importer(815301076,1909f56bfc062723c751e8b465ee728b)  -> (artifact id: 'ac8cd0c2871633c6c07498f10701713d') in 0.099388 seconds 
========================================================================
Received Import Request.
  Time since last request: 329.977092 seconds.
  path: Assets/Mixamo/Idle.fbx
  artifactKey: Guid(35b5001ad854780939a67a69bfe09586) Importer(815301076,1909f56bfc062723c751e8b465ee728b)
Start importing Assets/Mixamo/Idle.fbx using Guid(35b5001ad854780939a67a69bfe09586) Importer(815301076,1909f56bfc062723c751e8b465ee728b)  -> (artifact id: '791e92f4cdad067874718870f0256d0c') in 0.067663 seconds 
========================================================================
Received Import Request.
  Time since last request: 16.811969 seconds.
  path: Assets/Mixamo/IdleAvatar.asset
  artifactKey: Guid(6579b8f1950eb177e8c0e25c4bbd954f) Importer(815301076,1909f56bfc062723c751e8b465ee728b)
Start importing Assets/Mixamo/IdleAvatar.asset using Guid(6579b8f1950eb177e8c0e25c4bbd954f) Importer(815301076,1909f56bfc062723c751e8b465ee728b)  -> (artifact id: 'a6dddf245a3b120a5d144077f0429eec') in 0.002947 seconds 
========================================================================
Received Import Request.
  Time since last request: 283.040197 seconds.
  path: Assets/prefabs/ybotPoseRig.controller
  artifactKey: Guid(f61d826a8d0f45bf6bb98998225f4bf9) Importer(815301076,1909f56bfc062723c751e8b465ee728b)
Start importing Assets/prefabs/ybotPoseRig.controller using Guid(f61d826a8d0f45bf6bb98998225f4bf9) Importer(815301076,1909f56bfc062723c751e8b465ee728b)  -> (artifact id: '32efbf7a0f5e89d86fc3027b42f25d51') in 0.006752 seconds 
========================================================================
Received Import Request.
  Time since last request: 38.276334 seconds.
  path: Assets/prefabs/ybotPoseRig.prefab
  artifactKey: Guid(39b59666dafb247b7be77c95cb7f0333) Importer(815301076,1909f56bfc062723c751e8b465ee728b)
Start importing Assets/prefabs/ybotPoseRig.prefab using Guid(39b59666dafb247b7be77c95cb7f0333) Importer(815301076,1909f56bfc062723c751e8b465ee728b)  -> (artifact id: '1390152acb7f51f128b6b7c4b2d4d289') in 0.026810 seconds 
========================================================================
Received Import Request.
  Time since last request: 146.380942 seconds.
  path: Assets/prefabs/NinjaRigged.prefab
  artifactKey: Guid(073442ca8b8543b1f9fb56e508f98c20) Importer(815301076,1909f56bfc062723c751e8b465ee728b)
Start importing Assets/prefabs/NinjaRigged.prefab using Guid(073442ca8b8543b1f9fb56e508f98c20) Importer(815301076,1909f56bfc062723c751e8b465ee728b)  -> (artifact id: '20f6e55abaf80ec7d44a5f82dafa9873') in 0.030589 seconds 
========================================================================
Received Import Request.
  Time since last request: 56.576819 seconds.
  path: Assets/prefabs/NinjaRigged.prefab
  artifactKey: Guid(073442ca8b8543b1f9fb56e508f98c20) Importer(815301076,1909f56bfc062723c751e8b465ee728b)
Start importing Assets/prefabs/NinjaRigged.prefab using Guid(073442ca8b8543b1f9fb56e508f98c20) Importer(815301076,1909f56bfc062723c751e8b465ee728b)  -> (artifact id: 'df8e6f13df24d0fbd375f64f4e9e883f') in 0.032984 seconds 
========================================================================
Received Import Request.
  Time since last request: 11.114841 seconds.
  path: Assets/prefabs/NinjaRigged.prefab
  artifactKey: Guid(073442ca8b8543b1f9fb56e508f98c20) Importer(815301076,1909f56bfc062723c751e8b465ee728b)
Start importing Assets/prefabs/NinjaRigged.prefab using Guid(073442ca8b8543b1f9fb56e508f98c20) Importer(815301076,1909f56bfc062723c751e8b465ee728b)  -> (artifact id: '9d9f89fb2d52a9d8c5ca97b5b9046a5b') in 0.035471 seconds 
========================================================================
Received Import Request.
  Time since last request: 8.863559 seconds.
  path: Assets/prefabs/NinjaRigged.prefab
  artifactKey: Guid(073442ca8b8543b1f9fb56e508f98c20) Importer(815301076,1909f56bfc062723c751e8b465ee728b)
Start importing Assets/prefabs/NinjaRigged.prefab using Guid(073442ca8b8543b1f9fb56e508f98c20) Importer(815301076,1909f56bfc062723c751e8b465ee728b)  -> (artifact id: '803733fc354da425d2924d7120b89695') in 0.037062 seconds 
========================================================================
Received Import Request.
  Time since last request: 6.905121 seconds.
  path: Assets/prefabs/NinjaRigged.prefab
  artifactKey: Guid(073442ca8b8543b1f9fb56e508f98c20) Importer(815301076,1909f56bfc062723c751e8b465ee728b)
Start importing Assets/prefabs/NinjaRigged.prefab using Guid(073442ca8b8543b1f9fb56e508f98c20) Importer(815301076,1909f56bfc062723c751e8b465ee728b)  -> (artifact id: 'a88933b98d0d94bfc821e14ea625717d') in 0.036750 seconds 
========================================================================
Received Import Request.
  Time since last request: 17.255418 seconds.
  path: Assets/prefabs/NinjaRigged.prefab
  artifactKey: Guid(073442ca8b8543b1f9fb56e508f98c20) Importer(815301076,1909f56bfc062723c751e8b465ee728b)
Start importing Assets/prefabs/NinjaRigged.prefab using Guid(073442ca8b8543b1f9fb56e508f98c20) Importer(815301076,1909f56bfc062723c751e8b465ee728b)  -> (artifact id: '9a31afa0dabffb7a15704226ed7c4e26') in 0.028419 seconds 
========================================================================
Received Import Request.
  Time since last request: 7.526014 seconds.
  path: Assets/prefabs/NinjaRigged.prefab
  artifactKey: Guid(073442ca8b8543b1f9fb56e508f98c20) Importer(815301076,1909f56bfc062723c751e8b465ee728b)
Start importing Assets/prefabs/NinjaRigged.prefab using Guid(073442ca8b8543b1f9fb56e508f98c20) Importer(815301076,1909f56bfc062723c751e8b465ee728b)  -> (artifact id: '2c49ef677b7e3f46dcf3ec24e4a8a07d') in 0.029628 seconds 
========================================================================
Received Import Request.
  Time since last request: 1.701954 seconds.
  path: Assets/prefabs/NinjaRigged.prefab
  artifactKey: Guid(073442ca8b8543b1f9fb56e508f98c20) Importer(815301076,1909f56bfc062723c751e8b465ee728b)
Start importing Assets/prefabs/NinjaRigged.prefab using Guid(073442ca8b8543b1f9fb56e508f98c20) Importer(815301076,1909f56bfc062723c751e8b465ee728b)  -> (artifact id: '38818064329dd5f161da06341ed2b52e') in 0.023317 seconds 
========================================================================
Received Prepare
Registering precompiled user dll's ...
Registered in 0.004217 seconds.
Begin MonoManager ReloadAssembly
Native extension for LinuxStandalone target not found
Native extension for WebGL target not found
Refreshing native plugins compatible for Editor in 0.59 ms, found 0 plugins.
Preloading 0 native plugins for Editor in 0.00 ms.
Mono: successfully reloaded assembly
- Completed reload, in  1.093 seconds
Domain Reload Profiling:
	ReloadAssembly (1094ms)
		BeginReloadAssembly (118ms)
			ExecutionOrderSort (0ms)
			DisableScriptedObjects (5ms)
			BackupInstance (0ms)
			ReleaseScriptingObjects (0ms)
			CreateAndSetChildDomain (40ms)
		EndReloadAssembly (852ms)
			LoadAssemblies (52ms)
			RebuildTransferFunctionScriptingTraits (0ms)
			SetupTypeCache (237ms)
			ReleaseScriptCaches (1ms)
			RebuildScriptCaches (50ms)
			SetupLoadedEditorAssemblies (428ms)
				LogAssemblyErrors (0ms)
				InitializePlatformSupportModulesInManaged (22ms)
				SetLoadedEditorAssemblies (1ms)
				RefreshPlugins (1ms)
				BeforeProcessingInitializeOnLoad (71ms)
				ProcessInitializeOnLoadAttributes (292ms)
				ProcessInitializeOnLoadMethodAttributes (35ms)
				AfterProcessingInitializeOnLoad (7ms)
				EditorAssembliesLoaded (0ms)
			ExecutionOrderSort2 (0ms)
			AwakeInstancesAfterBackupRestoration (7ms)
Platform modules already initialized, skipping
Refreshing native plugins compatible for Editor in 1.64 ms, found 0 plugins.
Preloading 0 native plugins for Editor in 0.00 ms.
Unloading 2131 Unused Serialized files (Serialized files now loaded: 0)
Unloading 27 unused Assets / (23.1 KB). Loaded Objects now: 2626.
Memory consumption went from 106.1 MB to 106.1 MB.
Total: 4.138835 ms (FindLiveObjects: 0.275928 ms CreateObjectMapping: 0.139799 ms MarkObjects: 3.689822 ms  DeleteObjects: 0.031179 ms)

AssetImportParameters requested are different than current active one (requested -> active):
  custom:video-decoder-ogg-theora: a1e56fd34408186e4bbccfd4996cb3dc -> 
  custom:container-muxer-webm: aa71ff27fc2769a1b78a27578f13a17b -> 
  custom:container-demuxer-webm: 4f35f7cbe854078d1ac9338744f61a02 -> 
  custom:video-encoder-webm-vp8: eb34c28f22e8b96e1ab97ce403110664 -> 
  custom:audio-encoder-webm-vorbis: bf7c407c2cedff20999df2af8eb42d56 -> 
  custom:container-demuxer-ogg: 62fdf1f143b41e24485cea50d1cbac27 -> 
  custom:video-decoder-webm-vp8: 9c59270c3fd7afecdb556c50c9e8de78 -> 
  custom:audio-decoder-ogg-vorbis: bf7c407c2cedff20999df2af8eb42d56 -> 
========================================================================
Received Import Request.
  Time since last request: 550.706561 seconds.
  path: Assets/MyScripts/UpdateTargets.cs
  artifactKey: Guid(41e199e4bda61a887b33cf7f05ec1386) Importer(815301076,1909f56bfc062723c751e8b465ee728b)
Start importing Assets/MyScripts/UpdateTargets.cs using Guid(41e199e4bda61a887b33cf7f05ec1386) Importer(815301076,1909f56bfc062723c751e8b465ee728b)  -> (artifact id: 'ac4004935c6fd36516f0645b1f22acf0') in 0.005716 seconds 
========================================================================
Received Import Request.
  Time since last request: 490.324968 seconds.
  path: Assets/prefabs/NinjaRigged.prefab
  artifactKey: Guid(073442ca8b8543b1f9fb56e508f98c20) Importer(815301076,1909f56bfc062723c751e8b465ee728b)
Start importing Assets/prefabs/NinjaRigged.prefab using Guid(073442ca8b8543b1f9fb56e508f98c20) Importer(815301076,1909f56bfc062723c751e8b465ee728b)  -> (artifact id: 'e21eb22f406e3d6a09022d4232a43452') in 0.109324 seconds 
========================================================================
Received Import Request.
  Time since last request: 3.083979 seconds.
  path: Assets/prefabs/NinjaRigged.prefab
  artifactKey: Guid(073442ca8b8543b1f9fb56e508f98c20) Importer(815301076,1909f56bfc062723c751e8b465ee728b)
Start importing Assets/prefabs/NinjaRigged.prefab using Guid(073442ca8b8543b1f9fb56e508f98c20) Importer(815301076,1909f56bfc062723c751e8b465ee728b)  -> (artifact id: '76f38fa800aa94905ec33745543efec1') in 0.027630 seconds 
========================================================================
Received Import Request.
  Time since last request: 25.047133 seconds.
  path: Assets/prefabs/NinjaRigged.prefab
  artifactKey: Guid(073442ca8b8543b1f9fb56e508f98c20) Importer(815301076,1909f56bfc062723c751e8b465ee728b)
Start importing Assets/prefabs/NinjaRigged.prefab using Guid(073442ca8b8543b1f9fb56e508f98c20) Importer(815301076,1909f56bfc062723c751e8b465ee728b)  -> (artifact id: 'a38f602f06d32de4a81045439a83080a') in 0.028336 seconds 
========================================================================
Received Import Request.
  Time since last request: 4.103385 seconds.
  path: Assets/prefabs/NinjaRigged.prefab
  artifactKey: Guid(073442ca8b8543b1f9fb56e508f98c20) Importer(815301076,1909f56bfc062723c751e8b465ee728b)
Start importing Assets/prefabs/NinjaRigged.prefab using Guid(073442ca8b8543b1f9fb56e508f98c20) Importer(815301076,1909f56bfc062723c751e8b465ee728b)  -> (artifact id: '9922af18c5eda8db7714e4fff04f6118') in 0.026276 seconds 
========================================================================
Received Import Request.
  Time since last request: 3.257975 seconds.
  path: Assets/prefabs/NinjaRigged.prefab
  artifactKey: Guid(073442ca8b8543b1f9fb56e508f98c20) Importer(815301076,1909f56bfc062723c751e8b465ee728b)
Start importing Assets/prefabs/NinjaRigged.prefab using Guid(073442ca8b8543b1f9fb56e508f98c20) Importer(815301076,1909f56bfc062723c751e8b465ee728b)  -> (artifact id: '5fbd8b24e630bd438cc81e1e4f79b893') in 0.030463 seconds 
========================================================================
Received Import Request.
  Time since last request: 4.070133 seconds.
  path: Assets/prefabs/NinjaRigged.prefab
  artifactKey: Guid(073442ca8b8543b1f9fb56e508f98c20) Importer(815301076,1909f56bfc062723c751e8b465ee728b)
Start importing Assets/prefabs/NinjaRigged.prefab using Guid(073442ca8b8543b1f9fb56e508f98c20) Importer(815301076,1909f56bfc062723c751e8b465ee728b)  -> (artifact id: '9e649e89ae26eb0f599b5cf4e2b72964') in 0.027953 seconds 
========================================================================
Received Import Request.
  Time since last request: 4.476431 seconds.
  path: Assets/prefabs/NinjaRigged.prefab
  artifactKey: Guid(073442ca8b8543b1f9fb56e508f98c20) Importer(815301076,1909f56bfc062723c751e8b465ee728b)
Start importing Assets/prefabs/NinjaRigged.prefab using Guid(073442ca8b8543b1f9fb56e508f98c20) Importer(815301076,1909f56bfc062723c751e8b465ee728b)  -> (artifact id: '2b97b439bacf342996cb135f7dadbef7') in 0.031278 seconds 
========================================================================
Received Import Request.
  Time since last request: 3.483156 seconds.
  path: Assets/prefabs/NinjaRigged.prefab
  artifactKey: Guid(073442ca8b8543b1f9fb56e508f98c20) Importer(815301076,1909f56bfc062723c751e8b465ee728b)
Start importing Assets/prefabs/NinjaRigged.prefab using Guid(073442ca8b8543b1f9fb56e508f98c20) Importer(815301076,1909f56bfc062723c751e8b465ee728b)  -> (artifact id: '402b59d109725e5d7ed90b7f2f05c95b') in 0.031026 seconds 
========================================================================
Received Import Request.
  Time since last request: 17.635961 seconds.
  path: Assets/prefabs/NinjaRigged.prefab
  artifactKey: Guid(073442ca8b8543b1f9fb56e508f98c20) Importer(815301076,1909f56bfc062723c751e8b465ee728b)
Start importing Assets/prefabs/NinjaRigged.prefab using Guid(073442ca8b8543b1f9fb56e508f98c20) Importer(815301076,1909f56bfc062723c751e8b465ee728b)  -> (artifact id: '658dc0fa9653626f083d70f6d0debce1') in 0.026030 seconds 
========================================================================
Received Import Request.
  Time since last request: 45.825559 seconds.
  path: Assets/prefabs/NinjaRigged.prefab
  artifactKey: Guid(073442ca8b8543b1f9fb56e508f98c20) Importer(815301076,1909f56bfc062723c751e8b465ee728b)
Start importing Assets/prefabs/NinjaRigged.prefab using Guid(073442ca8b8543b1f9fb56e508f98c20) Importer(815301076,1909f56bfc062723c751e8b465ee728b)  -> (artifact id: '8e706a3ea249e286b22e9d44831427bb') in 0.029076 seconds 
========================================================================
Received Import Request.
  Time since last request: 5.062480 seconds.
  path: Assets/prefabs/NinjaRigged.prefab
  artifactKey: Guid(073442ca8b8543b1f9fb56e508f98c20) Importer(815301076,1909f56bfc062723c751e8b465ee728b)
Start importing Assets/prefabs/NinjaRigged.prefab using Guid(073442ca8b8543b1f9fb56e508f98c20) Importer(815301076,1909f56bfc062723c751e8b465ee728b)  -> (artifact id: 'e4e32c1dd2026411b647cca6ed67554d') in 0.028524 seconds 
========================================================================
Received Import Request.
  Time since last request: 16.774760 seconds.
  path: Assets/prefabs/NinjaRigged.prefab
  artifactKey: Guid(073442ca8b8543b1f9fb56e508f98c20) Importer(815301076,1909f56bfc062723c751e8b465ee728b)
Start importing Assets/prefabs/NinjaRigged.prefab using Guid(073442ca8b8543b1f9fb56e508f98c20) Importer(815301076,1909f56bfc062723c751e8b465ee728b)  -> (artifact id: 'd3be8b17b489b4a87a1acbf63df9dfbe') in 0.034236 seconds 
========================================================================
Received Import Request.
  Time since last request: 17.165135 seconds.
  path: Assets/prefabs/NinjaRigged.prefab
  artifactKey: Guid(073442ca8b8543b1f9fb56e508f98c20) Importer(815301076,1909f56bfc062723c751e8b465ee728b)
Start importing Assets/prefabs/NinjaRigged.prefab using Guid(073442ca8b8543b1f9fb56e508f98c20) Importer(815301076,1909f56bfc062723c751e8b465ee728b)  -> (artifact id: 'f3ff0c2f35814475b16e4b6f76af141c') in 0.027341 seconds 
========================================================================
Received Import Request.
  Time since last request: 2.225299 seconds.
  path: Assets/prefabs/NinjaRigged.prefab
  artifactKey: Guid(073442ca8b8543b1f9fb56e508f98c20) Importer(815301076,1909f56bfc062723c751e8b465ee728b)
Start importing Assets/prefabs/NinjaRigged.prefab using Guid(073442ca8b8543b1f9fb56e508f98c20) Importer(815301076,1909f56bfc062723c751e8b465ee728b)  -> (artifact id: 'e3c1beba49844504036eb1300fd7a8af') in 0.030505 seconds 
========================================================================
Received Import Request.
  Time since last request: 3.628842 seconds.
  path: Assets/prefabs/NinjaRigged.prefab
  artifactKey: Guid(073442ca8b8543b1f9fb56e508f98c20) Importer(815301076,1909f56bfc062723c751e8b465ee728b)
Start importing Assets/prefabs/NinjaRigged.prefab using Guid(073442ca8b8543b1f9fb56e508f98c20) Importer(815301076,1909f56bfc062723c751e8b465ee728b)  -> (artifact id: '3f4edd091c4d0332ee53894929c69b03') in 0.056173 seconds 
========================================================================
Received Import Request.
  Time since last request: 1.955765 seconds.
  path: Assets/prefabs/NinjaRigged.prefab
  artifactKey: Guid(073442ca8b8543b1f9fb56e508f98c20) Importer(815301076,1909f56bfc062723c751e8b465ee728b)
Start importing Assets/prefabs/NinjaRigged.prefab using Guid(073442ca8b8543b1f9fb56e508f98c20) Importer(815301076,1909f56bfc062723c751e8b465ee728b)  -> (artifact id: '985603745f126d046377bb839f0469d0') in 0.050705 seconds 
========================================================================
Received Import Request.
  Time since last request: 1.172373 seconds.
  path: Assets/prefabs/NinjaRigged.prefab
  artifactKey: Guid(073442ca8b8543b1f9fb56e508f98c20) Importer(815301076,1909f56bfc062723c751e8b465ee728b)
Start importing Assets/prefabs/NinjaRigged.prefab using Guid(073442ca8b8543b1f9fb56e508f98c20) Importer(815301076,1909f56bfc062723c751e8b465ee728b)  -> (artifact id: 'ac1a559e174e631a3f3c269837f12032') in 0.026902 seconds 
========================================================================
Received Import Request.
  Time since last request: 1.204569 seconds.
  path: Assets/prefabs/NinjaRigged.prefab
  artifactKey: Guid(073442ca8b8543b1f9fb56e508f98c20) Importer(815301076,1909f56bfc062723c751e8b465ee728b)
Start importing Assets/prefabs/NinjaRigged.prefab using Guid(073442ca8b8543b1f9fb56e508f98c20) Importer(815301076,1909f56bfc062723c751e8b465ee728b)  -> (artifact id: '92f229e9f31ba67bdec021aacbf3bf40') in 0.025209 seconds 
========================================================================
Received Import Request.
  Time since last request: 9.358925 seconds.
  path: Assets/prefabs/NinjaRigged.prefab
  artifactKey: Guid(073442ca8b8543b1f9fb56e508f98c20) Importer(815301076,1909f56bfc062723c751e8b465ee728b)
Start importing Assets/prefabs/NinjaRigged.prefab using Guid(073442ca8b8543b1f9fb56e508f98c20) Importer(815301076,1909f56bfc062723c751e8b465ee728b)  -> (artifact id: '0b1475a321b009e06bdea1ec2e97a174') in 0.027594 seconds 
========================================================================
Received Import Request.
  Time since last request: 7.217166 seconds.
  path: Assets/prefabs/NinjaRigged.prefab
  artifactKey: Guid(073442ca8b8543b1f9fb56e508f98c20) Importer(815301076,1909f56bfc062723c751e8b465ee728b)
Start importing Assets/prefabs/NinjaRigged.prefab using Guid(073442ca8b8543b1f9fb56e508f98c20) Importer(815301076,1909f56bfc062723c751e8b465ee728b)  -> (artifact id: 'b1ae1095507b873ed19dc0d0d00a26ba') in 0.034591 seconds 
========================================================================
Received Import Request.
  Time since last request: 4.599035 seconds.
  path: Assets/prefabs/NinjaRigged.prefab
  artifactKey: Guid(073442ca8b8543b1f9fb56e508f98c20) Importer(815301076,1909f56bfc062723c751e8b465ee728b)
Start importing Assets/prefabs/NinjaRigged.prefab using Guid(073442ca8b8543b1f9fb56e508f98c20) Importer(815301076,1909f56bfc062723c751e8b465ee728b)  -> (artifact id: 'f1aebe6bfa82052611810e4242d8f1c3') in 0.029871 seconds 
========================================================================
Received Import Request.
  Time since last request: 1.175722 seconds.
  path: Assets/prefabs/NinjaRigged.prefab
  artifactKey: Guid(073442ca8b8543b1f9fb56e508f98c20) Importer(815301076,1909f56bfc062723c751e8b465ee728b)
Start importing Assets/prefabs/NinjaRigged.prefab using Guid(073442ca8b8543b1f9fb56e508f98c20) Importer(815301076,1909f56bfc062723c751e8b465ee728b)  -> (artifact id: '57355251711317a9cf04fe7021f430bb') in 0.029554 seconds 
========================================================================
Received Import Request.
  Time since last request: 18.356769 seconds.
  path: Assets/prefabs/NinjaRigged.prefab
  artifactKey: Guid(073442ca8b8543b1f9fb56e508f98c20) Importer(815301076,1909f56bfc062723c751e8b465ee728b)
Start importing Assets/prefabs/NinjaRigged.prefab using Guid(073442ca8b8543b1f9fb56e508f98c20) Importer(815301076,1909f56bfc062723c751e8b465ee728b)  -> (artifact id: 'ce44556255e0ded9794deb431c9b8986') in 0.032067 seconds 
========================================================================
Received Import Request.
  Time since last request: 3.608784 seconds.
  path: Assets/prefabs/NinjaRigged.prefab
  artifactKey: Guid(073442ca8b8543b1f9fb56e508f98c20) Importer(815301076,1909f56bfc062723c751e8b465ee728b)
Start importing Assets/prefabs/NinjaRigged.prefab using Guid(073442ca8b8543b1f9fb56e508f98c20) Importer(815301076,1909f56bfc062723c751e8b465ee728b)  -> (artifact id: '6bb29f3c45908f6bf5d2d460d7eeab40') in 0.030988 seconds 
========================================================================
Received Import Request.
  Time since last request: 2.393461 seconds.
  path: Assets/prefabs/NinjaRigged.prefab
  artifactKey: Guid(073442ca8b8543b1f9fb56e508f98c20) Importer(815301076,1909f56bfc062723c751e8b465ee728b)
Start importing Assets/prefabs/NinjaRigged.prefab using Guid(073442ca8b8543b1f9fb56e508f98c20) Importer(815301076,1909f56bfc062723c751e8b465ee728b)  -> (artifact id: '74e5340dfcf253238d10b295336e3b05') in 0.033264 seconds 
========================================================================
Received Import Request.
  Time since last request: 15.677651 seconds.
  path: Assets/prefabs/NinjaRigged.prefab
  artifactKey: Guid(073442ca8b8543b1f9fb56e508f98c20) Importer(815301076,1909f56bfc062723c751e8b465ee728b)
Start importing Assets/prefabs/NinjaRigged.prefab using Guid(073442ca8b8543b1f9fb56e508f98c20) Importer(815301076,1909f56bfc062723c751e8b465ee728b)  -> (artifact id: 'f11c715827e7bedddaa2a47a89c99037') in 0.051120 seconds 
========================================================================
Received Import Request.
  Time since last request: 2.344223 seconds.
  path: Assets/prefabs/NinjaRigged.prefab
  artifactKey: Guid(073442ca8b8543b1f9fb56e508f98c20) Importer(815301076,1909f56bfc062723c751e8b465ee728b)
Start importing Assets/prefabs/NinjaRigged.prefab using Guid(073442ca8b8543b1f9fb56e508f98c20) Importer(815301076,1909f56bfc062723c751e8b465ee728b)  -> (artifact id: 'ffd373914159a769de5c3aa0d47c1678') in 0.029178 seconds 
========================================================================
Received Import Request.
  Time since last request: 12.628791 seconds.
  path: Assets/prefabs/NinjaRigged.prefab
  artifactKey: Guid(073442ca8b8543b1f9fb56e508f98c20) Importer(815301076,1909f56bfc062723c751e8b465ee728b)
Start importing Assets/prefabs/NinjaRigged.prefab using Guid(073442ca8b8543b1f9fb56e508f98c20) Importer(815301076,1909f56bfc062723c751e8b465ee728b)  -> (artifact id: '4e48705ef34186954f01df4def4ae586') in 0.028894 seconds 
========================================================================
Received Import Request.
  Time since last request: 2.998208 seconds.
  path: Assets/prefabs/NinjaRigged.prefab
  artifactKey: Guid(073442ca8b8543b1f9fb56e508f98c20) Importer(815301076,1909f56bfc062723c751e8b465ee728b)
Start importing Assets/prefabs/NinjaRigged.prefab using Guid(073442ca8b8543b1f9fb56e508f98c20) Importer(815301076,1909f56bfc062723c751e8b465ee728b)  -> (artifact id: '66d7793a104c702318d8c11d845948a0') in 0.026511 seconds 
========================================================================
Received Import Request.
  Time since last request: 1.579573 seconds.
  path: Assets/prefabs/NinjaRigged.prefab
  artifactKey: Guid(073442ca8b8543b1f9fb56e508f98c20) Importer(815301076,1909f56bfc062723c751e8b465ee728b)
Start importing Assets/prefabs/NinjaRigged.prefab using Guid(073442ca8b8543b1f9fb56e508f98c20) Importer(815301076,1909f56bfc062723c751e8b465ee728b)  -> (artifact id: '2996a721d7aad9f3e66a8d06fdcbc893') in 0.028486 seconds 
========================================================================
Received Import Request.
  Time since last request: 16.047314 seconds.
  path: Assets/prefabs/NinjaRigged.prefab
  artifactKey: Guid(073442ca8b8543b1f9fb56e508f98c20) Importer(815301076,1909f56bfc062723c751e8b465ee728b)
Start importing Assets/prefabs/NinjaRigged.prefab using Guid(073442ca8b8543b1f9fb56e508f98c20) Importer(815301076,1909f56bfc062723c751e8b465ee728b)  -> (artifact id: 'fcb358979fef508f4209627a3766a502') in 0.029119 seconds 
========================================================================
Received Prepare
Registering precompiled user dll's ...
Registered in 0.004321 seconds.
Begin MonoManager ReloadAssembly
Native extension for LinuxStandalone target not found
Native extension for WebGL target not found
Refreshing native plugins compatible for Editor in 0.70 ms, found 0 plugins.
Preloading 0 native plugins for Editor in 0.00 ms.
Mono: successfully reloaded assembly
- Completed reload, in  1.067 seconds
Domain Reload Profiling:
	ReloadAssembly (1068ms)
		BeginReloadAssembly (116ms)
			ExecutionOrderSort (0ms)
			DisableScriptedObjects (6ms)
			BackupInstance (0ms)
			ReleaseScriptingObjects (0ms)
			CreateAndSetChildDomain (40ms)
		EndReloadAssembly (831ms)
			LoadAssemblies (51ms)
			RebuildTransferFunctionScriptingTraits (0ms)
			SetupTypeCache (232ms)
			ReleaseScriptCaches (1ms)
			RebuildScriptCaches (48ms)
			SetupLoadedEditorAssemblies (406ms)
				LogAssemblyErrors (0ms)
				InitializePlatformSupportModulesInManaged (27ms)
				SetLoadedEditorAssemblies (1ms)
				RefreshPlugins (1ms)
				BeforeProcessingInitializeOnLoad (62ms)
				ProcessInitializeOnLoadAttributes (271ms)
				ProcessInitializeOnLoadMethodAttributes (38ms)
				AfterProcessingInitializeOnLoad (7ms)
				EditorAssembliesLoaded (0ms)
			ExecutionOrderSort2 (0ms)
			AwakeInstancesAfterBackupRestoration (8ms)
Platform modules already initialized, skipping
Refreshing native plugins compatible for Editor in 1.67 ms, found 0 plugins.
Preloading 0 native plugins for Editor in 0.00 ms.
Unloading 2131 Unused Serialized files (Serialized files now loaded: 0)
Unloading 27 unused Assets / (22.0 KB). Loaded Objects now: 2630.
Memory consumption went from 106.4 MB to 106.3 MB.
Total: 6.223033 ms (FindLiveObjects: 0.267531 ms CreateObjectMapping: 0.163873 ms MarkObjects: 5.742336 ms  DeleteObjects: 0.045765 ms)

AssetImportParameters requested are different than current active one (requested -> active):
  custom:video-decoder-ogg-theora: a1e56fd34408186e4bbccfd4996cb3dc -> 
  custom:container-muxer-webm: aa71ff27fc2769a1b78a27578f13a17b -> 
  custom:container-demuxer-webm: 4f35f7cbe854078d1ac9338744f61a02 -> 
  custom:video-encoder-webm-vp8: eb34c28f22e8b96e1ab97ce403110664 -> 
  custom:audio-encoder-webm-vorbis: bf7c407c2cedff20999df2af8eb42d56 -> 
  custom:container-demuxer-ogg: 62fdf1f143b41e24485cea50d1cbac27 -> 
  custom:video-decoder-webm-vp8: 9c59270c3fd7afecdb556c50c9e8de78 -> 
  custom:audio-decoder-ogg-vorbis: bf7c407c2cedff20999df2af8eb42d56 -> 
========================================================================
Received Prepare
Registering precompiled user dll's ...
Registered in 0.004254 seconds.
Begin MonoManager ReloadAssembly
Native extension for LinuxStandalone target not found
Native extension for WebGL target not found
Refreshing native plugins compatible for Editor in 0.52 ms, found 0 plugins.
Preloading 0 native plugins for Editor in 0.00 ms.
Mono: successfully reloaded assembly
- Completed reload, in  1.104 seconds
Domain Reload Profiling:
	ReloadAssembly (1104ms)
		BeginReloadAssembly (148ms)
			ExecutionOrderSort (0ms)
			DisableScriptedObjects (7ms)
			BackupInstance (0ms)
			ReleaseScriptingObjects (0ms)
			CreateAndSetChildDomain (41ms)
		EndReloadAssembly (826ms)
			LoadAssemblies (80ms)
			RebuildTransferFunctionScriptingTraits (0ms)
			SetupTypeCache (227ms)
			ReleaseScriptCaches (1ms)
			RebuildScriptCaches (62ms)
			SetupLoadedEditorAssemblies (395ms)
				LogAssemblyErrors (0ms)
				InitializePlatformSupportModulesInManaged (21ms)
				SetLoadedEditorAssemblies (1ms)
				RefreshPlugins (1ms)
				BeforeProcessingInitializeOnLoad (58ms)
				ProcessInitializeOnLoadAttributes (273ms)
				ProcessInitializeOnLoadMethodAttributes (35ms)
				AfterProcessingInitializeOnLoad (6ms)
				EditorAssembliesLoaded (0ms)
			ExecutionOrderSort2 (0ms)
			AwakeInstancesAfterBackupRestoration (10ms)
Platform modules already initialized, skipping
Refreshing native plugins compatible for Editor in 1.69 ms, found 0 plugins.
Preloading 0 native plugins for Editor in 0.00 ms.
Unloading 2131 Unused Serialized files (Serialized files now loaded: 0)
Unloading 27 unused Assets / (22.0 KB). Loaded Objects now: 2634.
Memory consumption went from 106.4 MB to 106.4 MB.
Total: 4.277207 ms (FindLiveObjects: 0.386313 ms CreateObjectMapping: 0.144860 ms MarkObjects: 3.714540 ms  DeleteObjects: 0.028637 ms)

AssetImportParameters requested are different than current active one (requested -> active):
  custom:video-decoder-ogg-theora: a1e56fd34408186e4bbccfd4996cb3dc -> 
  custom:container-muxer-webm: aa71ff27fc2769a1b78a27578f13a17b -> 
  custom:container-demuxer-webm: 4f35f7cbe854078d1ac9338744f61a02 -> 
  custom:video-encoder-webm-vp8: eb34c28f22e8b96e1ab97ce403110664 -> 
  custom:audio-encoder-webm-vorbis: bf7c407c2cedff20999df2af8eb42d56 -> 
  custom:container-demuxer-ogg: 62fdf1f143b41e24485cea50d1cbac27 -> 
  custom:video-decoder-webm-vp8: 9c59270c3fd7afecdb556c50c9e8de78 -> 
  custom:audio-decoder-ogg-vorbis: bf7c407c2cedff20999df2af8eb42d56 -> 
========================================================================
Received Prepare
Registering precompiled user dll's ...
Registered in 0.004229 seconds.
Begin MonoManager ReloadAssembly
Native extension for LinuxStandalone target not found
Native extension for WebGL target not found
Refreshing native plugins compatible for Editor in 0.53 ms, found 0 plugins.
Preloading 0 native plugins for Editor in 0.00 ms.
Mono: successfully reloaded assembly
- Completed reload, in  1.073 seconds
Domain Reload Profiling:
	ReloadAssembly (1074ms)
		BeginReloadAssembly (116ms)
			ExecutionOrderSort (0ms)
			DisableScriptedObjects (8ms)
			BackupInstance (0ms)
			ReleaseScriptingObjects (0ms)
			CreateAndSetChildDomain (40ms)
		EndReloadAssembly (835ms)
			LoadAssemblies (52ms)
			RebuildTransferFunctionScriptingTraits (0ms)
			SetupTypeCache (232ms)
			ReleaseScriptCaches (1ms)
			RebuildScriptCaches (51ms)
			SetupLoadedEditorAssemblies (420ms)
				LogAssemblyErrors (0ms)
				InitializePlatformSupportModulesInManaged (22ms)
				SetLoadedEditorAssemblies (1ms)
				RefreshPlugins (1ms)
				BeforeProcessingInitializeOnLoad (70ms)
				ProcessInitializeOnLoadAttributes (286ms)
				ProcessInitializeOnLoadMethodAttributes (33ms)
				AfterProcessingInitializeOnLoad (7ms)
				EditorAssembliesLoaded (0ms)
			ExecutionOrderSort2 (0ms)
			AwakeInstancesAfterBackupRestoration (8ms)
Platform modules already initialized, skipping
Refreshing native plugins compatible for Editor in 1.62 ms, found 0 plugins.
Preloading 0 native plugins for Editor in 0.00 ms.
Unloading 2131 Unused Serialized files (Serialized files now loaded: 0)
Unloading 27 unused Assets / (22.0 KB). Loaded Objects now: 2638.
Memory consumption went from 106.4 MB to 106.4 MB.
Total: 7.375311 ms (FindLiveObjects: 0.287633 ms CreateObjectMapping: 0.166810 ms MarkObjects: 6.874544 ms  DeleteObjects: 0.043873 ms)

AssetImportParameters requested are different than current active one (requested -> active):
  custom:video-decoder-ogg-theora: a1e56fd34408186e4bbccfd4996cb3dc -> 
  custom:container-muxer-webm: aa71ff27fc2769a1b78a27578f13a17b -> 
  custom:container-demuxer-webm: 4f35f7cbe854078d1ac9338744f61a02 -> 
  custom:video-encoder-webm-vp8: eb34c28f22e8b96e1ab97ce403110664 -> 
  custom:audio-encoder-webm-vorbis: bf7c407c2cedff20999df2af8eb42d56 -> 
  custom:container-demuxer-ogg: 62fdf1f143b41e24485cea50d1cbac27 -> 
  custom:video-decoder-webm-vp8: 9c59270c3fd7afecdb556c50c9e8de78 -> 
  custom:audio-decoder-ogg-vorbis: bf7c407c2cedff20999df2af8eb42d56 -> 
========================================================================
Received Import Request.
  Time since last request: 341.417354 seconds.
  path: Assets/prefabs/NinjaRigged.prefab
  artifactKey: Guid(073442ca8b8543b1f9fb56e508f98c20) Importer(815301076,1909f56bfc062723c751e8b465ee728b)
Start importing Assets/prefabs/NinjaRigged.prefab using Guid(073442ca8b8543b1f9fb56e508f98c20) Importer(815301076,1909f56bfc062723c751e8b465ee728b)  -> (artifact id: '103dde1f902c50aab77dba12d28def9d') in 0.124950 seconds 
========================================================================
Received Import Request.
  Time since last request: 22.312553 seconds.
  path: Assets/prefabs/NinjaRigged.prefab
  artifactKey: Guid(073442ca8b8543b1f9fb56e508f98c20) Importer(815301076,1909f56bfc062723c751e8b465ee728b)
Start importing Assets/prefabs/NinjaRigged.prefab using Guid(073442ca8b8543b1f9fb56e508f98c20) Importer(815301076,1909f56bfc062723c751e8b465ee728b)  -> (artifact id: '8b59b3f63cddfa2cc2ec49239c1f504f') in 0.040627 seconds 
========================================================================
Received Import Request.
  Time since last request: 3.537072 seconds.
  path: Assets/prefabs/NinjaRigged.prefab
  artifactKey: Guid(073442ca8b8543b1f9fb56e508f98c20) Importer(815301076,1909f56bfc062723c751e8b465ee728b)
Start importing Assets/prefabs/NinjaRigged.prefab using Guid(073442ca8b8543b1f9fb56e508f98c20) Importer(815301076,1909f56bfc062723c751e8b465ee728b)  -> (artifact id: 'b5972f5b7817902524c2da42cfeeabcc') in 0.028577 seconds 
========================================================================
Received Import Request.
  Time since last request: 28.693257 seconds.
  path: Assets/prefabs/NinjaRigged.prefab
  artifactKey: Guid(073442ca8b8543b1f9fb56e508f98c20) Importer(815301076,1909f56bfc062723c751e8b465ee728b)
Start importing Assets/prefabs/NinjaRigged.prefab using Guid(073442ca8b8543b1f9fb56e508f98c20) Importer(815301076,1909f56bfc062723c751e8b465ee728b)  -> (artifact id: '95468fb5e38c4be5c06d052af3e5bc67') in 0.037067 seconds 
========================================================================
Received Import Request.
  Time since last request: 6.116594 seconds.
  path: Assets/prefabs/NinjaRigged.prefab
  artifactKey: Guid(073442ca8b8543b1f9fb56e508f98c20) Importer(815301076,1909f56bfc062723c751e8b465ee728b)
Start importing Assets/prefabs/NinjaRigged.prefab using Guid(073442ca8b8543b1f9fb56e508f98c20) Importer(815301076,1909f56bfc062723c751e8b465ee728b)  -> (artifact id: '0a28c59e82660f3af03cd0b8620fc192') in 0.026907 seconds 
========================================================================
Received Import Request.
  Time since last request: 12.470170 seconds.
  path: Assets/prefabs/NinjaRigged.prefab
  artifactKey: Guid(073442ca8b8543b1f9fb56e508f98c20) Importer(815301076,1909f56bfc062723c751e8b465ee728b)
Start importing Assets/prefabs/NinjaRigged.prefab using Guid(073442ca8b8543b1f9fb56e508f98c20) Importer(815301076,1909f56bfc062723c751e8b465ee728b)  -> (artifact id: 'e9c7c03821426b0bebc8126af55d895a') in 0.031514 seconds 
========================================================================
Received Import Request.
  Time since last request: 10.611179 seconds.
  path: Assets/prefabs/NinjaRigged.prefab
  artifactKey: Guid(073442ca8b8543b1f9fb56e508f98c20) Importer(815301076,1909f56bfc062723c751e8b465ee728b)
Start importing Assets/prefabs/NinjaRigged.prefab using Guid(073442ca8b8543b1f9fb56e508f98c20) Importer(815301076,1909f56bfc062723c751e8b465ee728b)  -> (artifact id: '9bacf991ccd61fdd01a9823445d9e15f') in 0.024549 seconds 
========================================================================
Received Import Request.
  Time since last request: 10.139921 seconds.
  path: Assets/prefabs/NinjaRigged.prefab
  artifactKey: Guid(073442ca8b8543b1f9fb56e508f98c20) Importer(815301076,1909f56bfc062723c751e8b465ee728b)
Start importing Assets/prefabs/NinjaRigged.prefab using Guid(073442ca8b8543b1f9fb56e508f98c20) Importer(815301076,1909f56bfc062723c751e8b465ee728b)  -> (artifact id: '65c5396247598bbf5dbd89e1c81eefa9') in 0.030134 seconds 
========================================================================
Received Import Request.
  Time since last request: 3.238794 seconds.
  path: Assets/prefabs/NinjaRigged.prefab
  artifactKey: Guid(073442ca8b8543b1f9fb56e508f98c20) Importer(815301076,1909f56bfc062723c751e8b465ee728b)
Start importing Assets/prefabs/NinjaRigged.prefab using Guid(073442ca8b8543b1f9fb56e508f98c20) Importer(815301076,1909f56bfc062723c751e8b465ee728b)  -> (artifact id: '1719a78269a78af10e197ba1f1438d0f') in 0.029704 seconds 
========================================================================
Received Prepare
Registering precompiled user dll's ...
Registered in 0.004233 seconds.
Begin MonoManager ReloadAssembly
Native extension for LinuxStandalone target not found
Native extension for WebGL target not found
Refreshing native plugins compatible for Editor in 0.52 ms, found 0 plugins.
Preloading 0 native plugins for Editor in 0.00 ms.
Mono: successfully reloaded assembly
- Completed reload, in  1.064 seconds
Domain Reload Profiling:
	ReloadAssembly (1065ms)
		BeginReloadAssembly (120ms)
			ExecutionOrderSort (0ms)
			DisableScriptedObjects (6ms)
			BackupInstance (0ms)
			ReleaseScriptingObjects (0ms)
			CreateAndSetChildDomain (46ms)
		EndReloadAssembly (823ms)
			LoadAssemblies (50ms)
			RebuildTransferFunctionScriptingTraits (0ms)
			SetupTypeCache (231ms)
			ReleaseScriptCaches (1ms)
			RebuildScriptCaches (49ms)
			SetupLoadedEditorAssemblies (414ms)
				LogAssemblyErrors (0ms)
				InitializePlatformSupportModulesInManaged (22ms)
				SetLoadedEditorAssemblies (1ms)
				RefreshPlugins (1ms)
				BeforeProcessingInitializeOnLoad (70ms)
				ProcessInitializeOnLoadAttributes (281ms)
				ProcessInitializeOnLoadMethodAttributes (33ms)
				AfterProcessingInitializeOnLoad (7ms)
				EditorAssembliesLoaded (0ms)
			ExecutionOrderSort2 (0ms)
			AwakeInstancesAfterBackupRestoration (7ms)
Platform modules already initialized, skipping
Refreshing native plugins compatible for Editor in 1.63 ms, found 0 plugins.
Preloading 0 native plugins for Editor in 0.00 ms.
Unloading 2131 Unused Serialized files (Serialized files now loaded: 0)
Unloading 27 unused Assets / (23.1 KB). Loaded Objects now: 2642.
Memory consumption went from 106.6 MB to 106.6 MB.
Total: 4.557998 ms (FindLiveObjects: 0.237409 ms CreateObjectMapping: 0.811801 ms MarkObjects: 3.476838 ms  DeleteObjects: 0.030245 ms)

AssetImportParameters requested are different than current active one (requested -> active):
  custom:video-decoder-ogg-theora: a1e56fd34408186e4bbccfd4996cb3dc -> 
  custom:container-muxer-webm: aa71ff27fc2769a1b78a27578f13a17b -> 
  custom:container-demuxer-webm: 4f35f7cbe854078d1ac9338744f61a02 -> 
  custom:video-encoder-webm-vp8: eb34c28f22e8b96e1ab97ce403110664 -> 
  custom:audio-encoder-webm-vorbis: bf7c407c2cedff20999df2af8eb42d56 -> 
  custom:container-demuxer-ogg: 62fdf1f143b41e24485cea50d1cbac27 -> 
  custom:video-decoder-webm-vp8: 9c59270c3fd7afecdb556c50c9e8de78 -> 
  custom:audio-decoder-ogg-vorbis: bf7c407c2cedff20999df2af8eb42d56 -> 
========================================================================
Received Prepare
Registering precompiled user dll's ...
Registered in 0.004350 seconds.
Begin MonoManager ReloadAssembly
Native extension for LinuxStandalone target not found
Native extension for WebGL target not found
Refreshing native plugins compatible for Editor in 0.55 ms, found 0 plugins.
Preloading 0 native plugins for Editor in 0.00 ms.
Mono: successfully reloaded assembly
- Completed reload, in  1.093 seconds
Domain Reload Profiling:
	ReloadAssembly (1094ms)
		BeginReloadAssembly (120ms)
			ExecutionOrderSort (0ms)
			DisableScriptedObjects (7ms)
			BackupInstance (0ms)
			ReleaseScriptingObjects (0ms)
			CreateAndSetChildDomain (40ms)
		EndReloadAssembly (851ms)
			LoadAssemblies (52ms)
			RebuildTransferFunctionScriptingTraits (0ms)
			SetupTypeCache (236ms)
			ReleaseScriptCaches (1ms)
			RebuildScriptCaches (51ms)
			SetupLoadedEditorAssemblies (428ms)
				LogAssemblyErrors (0ms)
				InitializePlatformSupportModulesInManaged (22ms)
				SetLoadedEditorAssemblies (1ms)
				RefreshPlugins (1ms)
				BeforeProcessingInitializeOnLoad (59ms)
				ProcessInitializeOnLoadAttributes (301ms)
				ProcessInitializeOnLoadMethodAttributes (38ms)
				AfterProcessingInitializeOnLoad (6ms)
				EditorAssembliesLoaded (0ms)
			ExecutionOrderSort2 (0ms)
			AwakeInstancesAfterBackupRestoration (7ms)
Platform modules already initialized, skipping
Refreshing native plugins compatible for Editor in 1.57 ms, found 0 plugins.
Preloading 0 native plugins for Editor in 0.00 ms.
Unloading 2131 Unused Serialized files (Serialized files now loaded: 0)
Unloading 27 unused Assets / (22.0 KB). Loaded Objects now: 2646.
Memory consumption went from 106.6 MB to 106.6 MB.
Total: 4.020044 ms (FindLiveObjects: 0.200735 ms CreateObjectMapping: 0.078474 ms MarkObjects: 3.710265 ms  DeleteObjects: 0.027804 ms)

AssetImportParameters requested are different than current active one (requested -> active):
  custom:video-decoder-ogg-theora: a1e56fd34408186e4bbccfd4996cb3dc -> 
  custom:container-muxer-webm: aa71ff27fc2769a1b78a27578f13a17b -> 
  custom:container-demuxer-webm: 4f35f7cbe854078d1ac9338744f61a02 -> 
  custom:video-encoder-webm-vp8: eb34c28f22e8b96e1ab97ce403110664 -> 
  custom:audio-encoder-webm-vorbis: bf7c407c2cedff20999df2af8eb42d56 -> 
  custom:container-demuxer-ogg: 62fdf1f143b41e24485cea50d1cbac27 -> 
  custom:video-decoder-webm-vp8: 9c59270c3fd7afecdb556c50c9e8de78 -> 
  custom:audio-decoder-ogg-vorbis: bf7c407c2cedff20999df2af8eb42d56 -> 
========================================================================
Received Import Request.
  Time since last request: 727.841506 seconds.
  path: Assets/prefabs/NinjaRigged.prefab
  artifactKey: Guid(073442ca8b8543b1f9fb56e508f98c20) Importer(815301076,1909f56bfc062723c751e8b465ee728b)
Start importing Assets/prefabs/NinjaRigged.prefab using Guid(073442ca8b8543b1f9fb56e508f98c20) Importer(815301076,1909f56bfc062723c751e8b465ee728b)  -> (artifact id: '4248ea50fa27226a8d63f6247035257b') in 0.120627 seconds 
========================================================================
Received Prepare
Registering precompiled user dll's ...
Registered in 0.004245 seconds.
Begin MonoManager ReloadAssembly
Native extension for LinuxStandalone target not found
Native extension for WebGL target not found
Refreshing native plugins compatible for Editor in 0.55 ms, found 0 plugins.
Preloading 0 native plugins for Editor in 0.00 ms.
Mono: successfully reloaded assembly
- Completed reload, in  1.088 seconds
Domain Reload Profiling:
	ReloadAssembly (1089ms)
		BeginReloadAssembly (133ms)
			ExecutionOrderSort (0ms)
			DisableScriptedObjects (9ms)
			BackupInstance (0ms)
			ReleaseScriptingObjects (0ms)
			CreateAndSetChildDomain (52ms)
		EndReloadAssembly (833ms)
			LoadAssemblies (51ms)
			RebuildTransferFunctionScriptingTraits (0ms)
			SetupTypeCache (244ms)
			ReleaseScriptCaches (1ms)
			RebuildScriptCaches (47ms)
			SetupLoadedEditorAssemblies (408ms)
				LogAssemblyErrors (0ms)
				InitializePlatformSupportModulesInManaged (22ms)
				SetLoadedEditorAssemblies (1ms)
				RefreshPlugins (1ms)
				BeforeProcessingInitializeOnLoad (59ms)
				ProcessInitializeOnLoadAttributes (279ms)
				ProcessInitializeOnLoadMethodAttributes (39ms)
				AfterProcessingInitializeOnLoad (6ms)
				EditorAssembliesLoaded (0ms)
			ExecutionOrderSort2 (0ms)
			AwakeInstancesAfterBackupRestoration (9ms)
Platform modules already initialized, skipping
Refreshing native plugins compatible for Editor in 1.78 ms, found 0 plugins.
Preloading 0 native plugins for Editor in 0.00 ms.
Unloading 2131 Unused Serialized files (Serialized files now loaded: 0)
Unloading 27 unused Assets / (22.0 KB). Loaded Objects now: 2650.
Memory consumption went from 106.6 MB to 106.6 MB.
Total: 4.134323 ms (FindLiveObjects: 0.243273 ms CreateObjectMapping: 0.129585 ms MarkObjects: 3.732639 ms  DeleteObjects: 0.027239 ms)

AssetImportParameters requested are different than current active one (requested -> active):
  custom:video-decoder-ogg-theora: a1e56fd34408186e4bbccfd4996cb3dc -> 
  custom:container-muxer-webm: aa71ff27fc2769a1b78a27578f13a17b -> 
  custom:container-demuxer-webm: 4f35f7cbe854078d1ac9338744f61a02 -> 
  custom:video-encoder-webm-vp8: eb34c28f22e8b96e1ab97ce403110664 -> 
  custom:audio-encoder-webm-vorbis: bf7c407c2cedff20999df2af8eb42d56 -> 
  custom:container-demuxer-ogg: 62fdf1f143b41e24485cea50d1cbac27 -> 
  custom:video-decoder-webm-vp8: 9c59270c3fd7afecdb556c50c9e8de78 -> 
  custom:audio-decoder-ogg-vorbis: bf7c407c2cedff20999df2af8eb42d56 -> 
========================================================================
Received Prepare
Registering precompiled user dll's ...
Registered in 0.004407 seconds.
Begin MonoManager ReloadAssembly
Native extension for LinuxStandalone target not found
Native extension for WebGL target not found
Refreshing native plugins compatible for Editor in 0.57 ms, found 0 plugins.
Preloading 0 native plugins for Editor in 0.00 ms.
Mono: successfully reloaded assembly
- Completed reload, in  1.066 seconds
Domain Reload Profiling:
	ReloadAssembly (1067ms)
		BeginReloadAssembly (117ms)
			ExecutionOrderSort (0ms)
			DisableScriptedObjects (7ms)
			BackupInstance (0ms)
			ReleaseScriptingObjects (0ms)
			CreateAndSetChildDomain (42ms)
		EndReloadAssembly (828ms)
			LoadAssemblies (51ms)
			RebuildTransferFunctionScriptingTraits (0ms)
			SetupTypeCache (229ms)
			ReleaseScriptCaches (1ms)
			RebuildScriptCaches (48ms)
			SetupLoadedEditorAssemblies (396ms)
				LogAssemblyErrors (0ms)
				InitializePlatformSupportModulesInManaged (22ms)
				SetLoadedEditorAssemblies (1ms)
				RefreshPlugins (1ms)
				BeforeProcessingInitializeOnLoad (57ms)
				ProcessInitializeOnLoadAttributes (276ms)
				ProcessInitializeOnLoadMethodAttributes (33ms)
				AfterProcessingInitializeOnLoad (6ms)
				EditorAssembliesLoaded (0ms)
			ExecutionOrderSort2 (0ms)
			AwakeInstancesAfterBackupRestoration (7ms)
Platform modules already initialized, skipping
Refreshing native plugins compatible for Editor in 1.58 ms, found 0 plugins.
Preloading 0 native plugins for Editor in 0.00 ms.
Unloading 2131 Unused Serialized files (Serialized files now loaded: 0)
Unloading 27 unused Assets / (23.0 KB). Loaded Objects now: 2654.
Memory consumption went from 106.6 MB to 106.6 MB.
Total: 4.075030 ms (FindLiveObjects: 0.266756 ms CreateObjectMapping: 0.061591 ms MarkObjects: 3.714291 ms  DeleteObjects: 0.030671 ms)

AssetImportParameters requested are different than current active one (requested -> active):
  custom:video-decoder-ogg-theora: a1e56fd34408186e4bbccfd4996cb3dc -> 
  custom:container-muxer-webm: aa71ff27fc2769a1b78a27578f13a17b -> 
  custom:container-demuxer-webm: 4f35f7cbe854078d1ac9338744f61a02 -> 
  custom:video-encoder-webm-vp8: eb34c28f22e8b96e1ab97ce403110664 -> 
  custom:audio-encoder-webm-vorbis: bf7c407c2cedff20999df2af8eb42d56 -> 
  custom:container-demuxer-ogg: 62fdf1f143b41e24485cea50d1cbac27 -> 
  custom:video-decoder-webm-vp8: 9c59270c3fd7afecdb556c50c9e8de78 -> 
  custom:audio-decoder-ogg-vorbis: bf7c407c2cedff20999df2af8eb42d56 -> 
========================================================================
Received Prepare
Registering precompiled user dll's ...
Registered in 0.004421 seconds.
Begin MonoManager ReloadAssembly
Native extension for LinuxStandalone target not found
Native extension for WebGL target not found
Refreshing native plugins compatible for Editor in 0.63 ms, found 0 plugins.
Preloading 0 native plugins for Editor in 0.00 ms.
Mono: successfully reloaded assembly
- Completed reload, in  1.117 seconds
Domain Reload Profiling:
	ReloadAssembly (1118ms)
		BeginReloadAssembly (122ms)
			ExecutionOrderSort (0ms)
			DisableScriptedObjects (7ms)
			BackupInstance (0ms)
			ReleaseScriptingObjects (0ms)
			CreateAndSetChildDomain (45ms)
		EndReloadAssembly (870ms)
			LoadAssemblies (54ms)
			RebuildTransferFunctionScriptingTraits (0ms)
			SetupTypeCache (252ms)
			ReleaseScriptCaches (1ms)
			RebuildScriptCaches (53ms)
			SetupLoadedEditorAssemblies (421ms)
				LogAssemblyErrors (0ms)
				InitializePlatformSupportModulesInManaged (24ms)
				SetLoadedEditorAssemblies (1ms)
				RefreshPlugins (1ms)
				BeforeProcessingInitializeOnLoad (60ms)
				ProcessInitializeOnLoadAttributes (293ms)
				ProcessInitializeOnLoadMethodAttributes (36ms)
				AfterProcessingInitializeOnLoad (7ms)
				EditorAssembliesLoaded (0ms)
			ExecutionOrderSort2 (0ms)
			AwakeInstancesAfterBackupRestoration (10ms)
Platform modules already initialized, skipping
Refreshing native plugins compatible for Editor in 1.69 ms, found 0 plugins.
Preloading 0 native plugins for Editor in 0.00 ms.
Unloading 2131 Unused Serialized files (Serialized files now loaded: 0)
Unloading 27 unused Assets / (22.1 KB). Loaded Objects now: 2658.
Memory consumption went from 106.6 MB to 106.6 MB.
Total: 4.155033 ms (FindLiveObjects: 0.183878 ms CreateObjectMapping: 0.070897 ms MarkObjects: 3.871667 ms  DeleteObjects: 0.027125 ms)

AssetImportParameters requested are different than current active one (requested -> active):
  custom:video-decoder-ogg-theora: a1e56fd34408186e4bbccfd4996cb3dc -> 
  custom:container-muxer-webm: aa71ff27fc2769a1b78a27578f13a17b -> 
  custom:container-demuxer-webm: 4f35f7cbe854078d1ac9338744f61a02 -> 
  custom:video-encoder-webm-vp8: eb34c28f22e8b96e1ab97ce403110664 -> 
  custom:audio-encoder-webm-vorbis: bf7c407c2cedff20999df2af8eb42d56 -> 
  custom:container-demuxer-ogg: 62fdf1f143b41e24485cea50d1cbac27 -> 
  custom:video-decoder-webm-vp8: 9c59270c3fd7afecdb556c50c9e8de78 -> 
  custom:audio-decoder-ogg-vorbis: bf7c407c2cedff20999df2af8eb42d56 -> 
========================================================================
Received Import Request.
  Time since last request: 185.333735 seconds.
  path: Assets/prefabs/ybotPoseRig.prefab
  artifactKey: Guid(39b59666dafb247b7be77c95cb7f0333) Importer(815301076,1909f56bfc062723c751e8b465ee728b)
Start importing Assets/prefabs/ybotPoseRig.prefab using Guid(39b59666dafb247b7be77c95cb7f0333) Importer(815301076,1909f56bfc062723c751e8b465ee728b)  -> (artifact id: 'f461beb1c5eaec90e1e1389d5a52e2f2') in 0.122188 seconds 
